<?xml version="1.0" encoding="UTF-8"?>
<!-- Generated by org.testng.reporters.JUnitXMLReporter -->
<testsuite ignored="0" hostname="LAPTOP-CVR9HVBP" failures="0" tests="6" name="Default test" time="3.902" errors="0" timestamp="2020-03-30T09:02:58 IST">
  <testcase classname="TESTCASES.NewTest2" name="@BeforeMethod lanuchBrowser" time="0.335">
    <failure type="java.lang.IllegalStateException" message="The driver executable does not exist: C:\Users\UTTAM BALA\eclipse-workspace\TASK_MANGER_ADD_TASK\src\test\resources\DRIVER\geckodriver.exe">
      <![CDATA[java.lang.IllegalStateException: The driver executable does not exist: C:\Users\UTTAM BALA\eclipse-workspace\TASK_MANGER_ADD_TASK\src\test\resources\DRIVER\geckodriver.exe
at com.google.common.base.Preconditions.checkState(Preconditions.java:585)
at org.openqa.selenium.remote.service.DriverService.checkExecutable(DriverService.java:146)
at org.openqa.selenium.remote.service.DriverService.findExecutable(DriverService.java:141)
at org.openqa.selenium.firefox.GeckoDriverService.access$100(GeckoDriverService.java:44)
at org.openqa.selenium.firefox.GeckoDriverService$Builder.findDefaultExecutable(GeckoDriverService.java:167)
at org.openqa.selenium.remote.service.DriverService$Builder.build(DriverService.java:355)
at org.openqa.selenium.firefox.FirefoxDriver.toExecutor(FirefoxDriver.java:190)
at org.openqa.selenium.firefox.FirefoxDriver.<init>(FirefoxDriver.java:147)
at org.openqa.selenium.firefox.FirefoxDriver.<init>(FirefoxDriver.java:125)
at libary.Utility.launchBroser(Utility.java:54)
at TESTCASES.NewTest2.lanuchBrowser(NewTest2.java:21)
at java.base/jdk.internal.reflect.NativeMethodAccessorImpl.invoke0(Native Method)
at java.base/jdk.internal.reflect.NativeMethodAccessorImpl.invoke(NativeMethodAccessorImpl.java:62)
at java.base/jdk.internal.reflect.DelegatingMethodAccessorImpl.invoke(DelegatingMethodAccessorImpl.java:43)
at java.base/java.lang.reflect.Method.invoke(Method.java:567)
at org.testng.internal.MethodInvocationHelper.invokeMethod(MethodInvocationHelper.java:135)
at org.testng.internal.MethodInvocationHelper.invokeMethodConsideringTimeout(MethodInvocationHelper.java:64)
at org.testng.internal.ConfigInvoker.invokeConfigurationMethod(ConfigInvoker.java:364)
at org.testng.internal.ConfigInvoker.invokeConfigurations(ConfigInvoker.java:318)
at org.testng.internal.TestInvoker.runConfigMethods(TestInvoker.java:700)
at org.testng.internal.TestInvoker.invokeMethod(TestInvoker.java:527)
at org.testng.internal.TestInvoker.invokeTestMethod(TestInvoker.java:174)
at org.testng.internal.MethodRunner.runInSequence(MethodRunner.java:46)
at org.testng.internal.TestInvoker$MethodInvocationAgent.invoke(TestInvoker.java:821)
at org.testng.internal.TestInvoker.invokeTestMethods(TestInvoker.java:147)
at org.testng.internal.TestMethodWorker.invokeTestMethods(TestMethodWorker.java:146)
at org.testng.internal.TestMethodWorker.run(TestMethodWorker.java:128)
at java.base/java.util.ArrayList.forEach(ArrayList.java:1507)
at org.testng.TestRunner.privateRun(TestRunner.java:767)
at org.testng.TestRunner.run(TestRunner.java:588)
at org.testng.SuiteRunner.runTest(SuiteRunner.java:384)
at org.testng.SuiteRunner.runSequentially(SuiteRunner.java:378)
at org.testng.SuiteRunner.privateRun(SuiteRunner.java:337)
at org.testng.SuiteRunner.run(SuiteRunner.java:286)
at org.testng.SuiteRunnerWorker.runSuite(SuiteRunnerWorker.java:53)
at org.testng.SuiteRunnerWorker.run(SuiteRunnerWorker.java:96)
at org.testng.TestNG.runSuitesSequentially(TestNG.java:1214)
at org.testng.TestNG.runSuitesLocally(TestNG.java:1136)
at org.testng.TestNG.runSuites(TestNG.java:1066)
at org.testng.TestNG.run(TestNG.java:1034)
at org.testng.remote.AbstractRemoteTestNG.run(AbstractRemoteTestNG.java:115)
at org.testng.remote.RemoteTestNG.initAndRun(RemoteTestNG.java:251)
at org.testng.remote.RemoteTestNG.main(RemoteTestNG.java:77)
]]>
    </failure>
  </testcase> <!-- @BeforeMethod lanuchBrowser -->
  <testcase classname="TESTCASES.NewTest2" name="@AfterMethod closeBrowser" time="-1.585539177934E9">
    <skipped/>
  </testcase> <!-- @AfterMethod closeBrowser -->
  <testcase classname="TESTCASES.NewTest2" name="@BeforeMethod lanuchBrowser" time="-1.585539177947E9">
    <skipped/>
  </testcase> <!-- @BeforeMethod lanuchBrowser -->
  <testcase classname="TESTCASES.NewTest2" name="@AfterMethod closeBrowser" time="-1.585539177977E9">
    <skipped/>
  </testcase> <!-- @AfterMethod closeBrowser -->
  <testcase classname="TESTCASES.NewTest2" name="@BeforeMethod lanuchBrowser" time="-1.585539178389E9">
    <skipped/>
  </testcase> <!-- @BeforeMethod lanuchBrowser -->
  <testcase classname="TESTCASES.NewTest2" name="@AfterMethod closeBrowser" time="-1.585539178434E9">
    <skipped/>
  </testcase> <!-- @AfterMethod closeBrowser -->
  <testcase classname="TESTCASES.NewTest2" name="@BeforeMethod lanuchBrowser" time="-1.585539178664E9">
    <skipped/>
  </testcase> <!-- @BeforeMethod lanuchBrowser -->
  <testcase classname="TESTCASES.NewTest2" name="@AfterMethod closeBrowser" time="-1.585539178706E9">
    <skipped/>
  </testcase> <!-- @AfterMethod closeBrowser -->
  <testcase classname="TESTCASES.NewTest2" name="@BeforeMethod lanuchBrowser" time="-1.585539178717E9">
    <skipped/>
  </testcase> <!-- @BeforeMethod lanuchBrowser -->
  <testcase classname="TESTCASES.NewTest2" name="@AfterMethod closeBrowser" time="-1.585539178741E9">
    <skipped/>
  </testcase> <!-- @AfterMethod closeBrowser -->
  <testcase classname="TESTCASES.NewTest2" name="@BeforeMethod lanuchBrowser" time="-1.585539178745E9">
    <skipped/>
  </testcase> <!-- @BeforeMethod lanuchBrowser -->
  <testcase classname="TESTCASES.NewTest2" name="@AfterMethod closeBrowser" time="-1.585539178761E9">
    <skipped/>
  </testcase> <!-- @AfterMethod closeBrowser -->
  <testcase classname="TESTCASES.NewTest2" name="add_task_valid" time="0.0">
    <skipped/>
  </testcase> <!-- add_task_valid -->
  <testcase classname="TESTCASES.NewTest2" name="add_task_valid" time="0.0">
    <skipped/>
  </testcase> <!-- add_task_valid -->
  <testcase classname="TESTCASES.NewTest2" name="add_task_delete" time="0.0">
    <skipped/>
  </testcase> <!-- add_task_delete -->
  <testcase classname="TESTCASES.NewTest2" name="add_task_blank" time="0.0">
    <skipped/>
  </testcase> <!-- add_task_blank -->
  <testcase classname="TESTCASES.NewTest2" name="add_task_blank" time="0.0">
    <skipped/>
  </testcase> <!-- add_task_blank -->
  <testcase classname="TESTCASES.NewTest2" name="add_task_blank" time="0.0">
    <skipped/>
  </testcase> <!-- add_task_blank -->
</testsuite> <!-- Default test -->
